2025-09-26 17:57:30,636 - __main__ - INFO - 🚀 Starting Happy Buttons Email Processor Daemon
2025-09-26 17:57:30,636 - __main__ - INFO - ============================================================
2025-09-26 17:57:30,636 - __main__ - INFO - Initializing email connector...
2025-09-26 17:57:30,640 - __main__ - INFO - ✅ Email connector initialized successfully
2025-09-26 17:57:30,640 - __main__ - INFO - 🔄 Starting email processing loop (30-second intervals)
2025-09-26 18:09:33,817 - __main__ - INFO - 📧 Processed 5 new emails (total: 5)
2025-09-26 18:09:33,817 - __main__ - INFO -   • From: weekend-orders@system.internal - URGENT: VW Project Button Order - Priority
2025-09-26 18:09:33,817 - __main__ - INFO -   • From: orders@manufacturing-corp.com - URGENT: BMW Project Button Order - Priority
2025-09-26 18:09:33,817 - __main__ - INFO -   • From: weekend-orders@system.internal - URGENT: VW Project Button Order - Priority
2025-09-26 18:10:03,897 - __main__ - INFO - 📧 Processed 5 new emails (total: 10)
2025-09-26 18:10:03,897 - __main__ - INFO -   • From: orders@manufacturing-corp.com - URGENT: Porsche Project Button Order - Priority
2025-09-26 18:10:03,897 - __main__ - INFO -   • From: weekend-orders@system.internal - URGENT: BMW Project Button Order - Priority
2025-09-26 18:10:03,897 - __main__ - INFO -   • From: weekend-orders@system.internal - URGENT: Mercedes Project Button Order - Priority
2025-09-26 18:10:33,985 - __main__ - INFO - 📧 Processed 5 new emails (total: 15)
2025-09-26 18:10:33,985 - __main__ - INFO -   • From: orders@manufacturing-corp.com - URGENT: VW Project Button Order - Priority
2025-09-26 18:10:33,985 - __main__ - INFO -   • From: orders@manufacturing-corp.com - URGENT: VW Project Button Order - Priority
2025-09-26 18:10:33,985 - __main__ - INFO -   • From: weekend-orders@system.internal - URGENT: VW Project Button Order - Priority
2025-09-26 18:11:04,058 - __main__ - INFO - 📧 Processed 5 new emails (total: 20)
2025-09-26 18:11:04,058 - __main__ - INFO -   • From: orders@manufacturing-corp.com - URGENT: Porsche Project Button Order - Priority
2025-09-26 18:11:04,058 - __main__ - INFO -   • From: weekend-orders@system.internal - URGENT: Audi Project Button Order - Priority
2025-09-26 18:11:04,058 - __main__ - INFO -   • From: weekend-orders@system.internal - URGENT: Audi Project Button Order - Priority
