2025-09-25 16:45:37,571 - __main__ - INFO - 🚀 Starting Happy Buttons Email Processor Daemon
2025-09-25 16:45:37,571 - __main__ - INFO - ============================================================
2025-09-25 16:45:37,571 - __main__ - INFO - Initializing email connector...
2025-09-25 16:45:37,575 - __main__ - INFO - ✅ Email connector initialized successfully
2025-09-25 16:45:37,575 - __main__ - INFO - 🔄 Starting email processing loop (30-second intervals)
2025-09-25 16:45:37,575 - src.real_email_connector - ERROR - Error connecting to info@h-bu.de: 'host'
2025-09-25 16:45:37,575 - src.real_email_connector - ERROR - Error connecting to sales@h-bu.de: 'host'
2025-09-25 16:45:37,575 - src.real_email_connector - ERROR - Error connecting to support@h-bu.de: 'host'
2025-09-25 16:45:37,575 - src.real_email_connector - ERROR - Error connecting to finance@h-bu.de: 'host'
2025-09-25 16:46:07,576 - src.real_email_connector - ERROR - Error connecting to info@h-bu.de: 'host'
2025-09-25 16:46:07,576 - src.real_email_connector - ERROR - Error connecting to sales@h-bu.de: 'host'
2025-09-25 16:46:07,576 - src.real_email_connector - ERROR - Error connecting to support@h-bu.de: 'host'
2025-09-25 16:46:07,576 - src.real_email_connector - ERROR - Error connecting to finance@h-bu.de: 'host'
2025-09-25 16:46:37,576 - src.real_email_connector - ERROR - Error connecting to info@h-bu.de: 'host'
2025-09-25 16:46:37,576 - src.real_email_connector - ERROR - Error connecting to sales@h-bu.de: 'host'
2025-09-25 16:46:37,576 - src.real_email_connector - ERROR - Error connecting to support@h-bu.de: 'host'
2025-09-25 16:46:37,576 - src.real_email_connector - ERROR - Error connecting to finance@h-bu.de: 'host'
2025-09-25 16:47:07,578 - src.real_email_connector - ERROR - Error connecting to info@h-bu.de: 'host'
2025-09-25 16:47:07,578 - src.real_email_connector - ERROR - Error connecting to sales@h-bu.de: 'host'
2025-09-25 16:47:07,578 - src.real_email_connector - ERROR - Error connecting to support@h-bu.de: 'host'
2025-09-25 16:47:07,578 - src.real_email_connector - ERROR - Error connecting to finance@h-bu.de: 'host'
2025-09-25 16:47:37,578 - src.real_email_connector - ERROR - Error connecting to info@h-bu.de: 'host'
2025-09-25 16:47:37,579 - src.real_email_connector - ERROR - Error connecting to sales@h-bu.de: 'host'
2025-09-25 16:47:37,579 - src.real_email_connector - ERROR - Error connecting to support@h-bu.de: 'host'
2025-09-25 16:47:37,579 - src.real_email_connector - ERROR - Error connecting to finance@h-bu.de: 'host'
2025-09-25 16:48:07,579 - src.real_email_connector - ERROR - Error connecting to info@h-bu.de: 'host'
2025-09-25 16:48:07,579 - src.real_email_connector - ERROR - Error connecting to sales@h-bu.de: 'host'
2025-09-25 16:48:07,579 - src.real_email_connector - ERROR - Error connecting to support@h-bu.de: 'host'
2025-09-25 16:48:07,579 - src.real_email_connector - ERROR - Error connecting to finance@h-bu.de: 'host'
2025-09-25 16:48:37,579 - src.real_email_connector - ERROR - Error connecting to info@h-bu.de: 'host'
2025-09-25 16:48:37,580 - src.real_email_connector - ERROR - Error connecting to sales@h-bu.de: 'host'
2025-09-25 16:48:37,580 - src.real_email_connector - ERROR - Error connecting to support@h-bu.de: 'host'
2025-09-25 16:48:37,580 - src.real_email_connector - ERROR - Error connecting to finance@h-bu.de: 'host'
2025-09-25 16:49:07,580 - src.real_email_connector - ERROR - Error connecting to info@h-bu.de: 'host'
2025-09-25 16:49:07,580 - src.real_email_connector - ERROR - Error connecting to sales@h-bu.de: 'host'
2025-09-25 16:49:07,580 - src.real_email_connector - ERROR - Error connecting to support@h-bu.de: 'host'
2025-09-25 16:49:07,580 - src.real_email_connector - ERROR - Error connecting to finance@h-bu.de: 'host'
2025-09-25 16:49:37,581 - src.real_email_connector - ERROR - Error connecting to info@h-bu.de: 'host'
2025-09-25 16:49:37,581 - src.real_email_connector - ERROR - Error connecting to sales@h-bu.de: 'host'
2025-09-25 16:49:37,581 - src.real_email_connector - ERROR - Error connecting to support@h-bu.de: 'host'
2025-09-25 16:49:37,581 - src.real_email_connector - ERROR - Error connecting to finance@h-bu.de: 'host'
2025-09-25 16:50:07,581 - src.real_email_connector - ERROR - Error connecting to info@h-bu.de: 'host'
2025-09-25 16:50:07,582 - src.real_email_connector - ERROR - Error connecting to sales@h-bu.de: 'host'
2025-09-25 16:50:07,582 - src.real_email_connector - ERROR - Error connecting to support@h-bu.de: 'host'
2025-09-25 16:50:07,582 - src.real_email_connector - ERROR - Error connecting to finance@h-bu.de: 'host'
2025-09-25 16:50:37,582 - src.real_email_connector - ERROR - Error connecting to info@h-bu.de: 'host'
2025-09-25 16:50:37,582 - src.real_email_connector - ERROR - Error connecting to sales@h-bu.de: 'host'
2025-09-25 16:50:37,582 - src.real_email_connector - ERROR - Error connecting to support@h-bu.de: 'host'
2025-09-25 16:50:37,582 - src.real_email_connector - ERROR - Error connecting to finance@h-bu.de: 'host'
2025-09-25 16:51:07,583 - src.real_email_connector - ERROR - Error connecting to info@h-bu.de: 'host'
2025-09-25 16:51:07,583 - src.real_email_connector - ERROR - Error connecting to sales@h-bu.de: 'host'
2025-09-25 16:51:07,583 - src.real_email_connector - ERROR - Error connecting to support@h-bu.de: 'host'
2025-09-25 16:51:07,583 - src.real_email_connector - ERROR - Error connecting to finance@h-bu.de: 'host'
2025-09-25 16:51:37,583 - src.real_email_connector - ERROR - Error connecting to info@h-bu.de: 'host'
2025-09-25 16:51:37,583 - src.real_email_connector - ERROR - Error connecting to sales@h-bu.de: 'host'
2025-09-25 16:51:37,583 - src.real_email_connector - ERROR - Error connecting to support@h-bu.de: 'host'
2025-09-25 16:51:37,583 - src.real_email_connector - ERROR - Error connecting to finance@h-bu.de: 'host'
2025-09-25 16:52:07,584 - src.real_email_connector - ERROR - Error connecting to info@h-bu.de: 'host'
2025-09-25 16:52:07,584 - src.real_email_connector - ERROR - Error connecting to sales@h-bu.de: 'host'
2025-09-25 16:52:07,584 - src.real_email_connector - ERROR - Error connecting to support@h-bu.de: 'host'
2025-09-25 16:52:07,584 - src.real_email_connector - ERROR - Error connecting to finance@h-bu.de: 'host'
2025-09-25 16:52:27,996 - __main__ - INFO - Received signal 15, shutting down gracefully...
2025-09-25 16:52:37,585 - __main__ - INFO - 🏁 Email processor daemon stopped
